[13/Feb/2019 17:35:12] "GET /CATdb/ HTTP/1.1" 200 889
[13/Feb/2019 17:35:12] "GET /static/css/base.css HTTP/1.1" 304 0
[13/Feb/2019 17:35:12] "GET /static/js/acueil.js HTTP/1.1" 304 0
[13/Feb/2019 17:35:12] "GET /static/img/ips2.jpg HTTP/1.1" 200 4999
[13/Feb/2019 17:35:50] "GET /CATdb/ HTTP/1.1" 200 889
[13/Feb/2019 17:35:50] "GET /static/css/base.css HTTP/1.1" 304 0
[13/Feb/2019 17:35:50] "GET /static/js/acueil.js HTTP/1.1" 304 0
[13/Feb/2019 17:35:50] "GET /static/img/ips2.jpg HTTP/1.1" 304 0
Not Found: /favicon.ico
[13/Feb/2019 17:35:50] "GET /favicon.ico HTTP/1.1" 404 2471
Not Found: /favicon.ico
[13/Feb/2019 17:35:50] "GET /favicon.ico HTTP/1.1" 404 2471
[14/Feb/2019 07:37:32] "GET /CATdb/ HTTP/1.1" 200 889
[14/Feb/2019 07:37:32] "GET /static/js/acueil.js HTTP/1.1" 304 0
[14/Feb/2019 07:37:32] "GET /static/css/base.css HTTP/1.1" 304 0
[14/Feb/2019 07:37:32] "GET /static/img/ips2.jpg HTTP/1.1" 304 0
Not Found: /favicon.ico
[14/Feb/2019 07:37:32] "GET /favicon.ico HTTP/1.1" 404 2471
[14/Feb/2019 08:31:18] "GET /CATdb/ HTTP/1.1" 200 889
[14/Feb/2019 09:12:41] "GET /CATdb/ HTTP/1.1" 200 889
[14/Feb/2019 09:12:41] "GET /static/js/acueil.js HTTP/1.1" 304 0
[14/Feb/2019 09:12:41] "GET /static/css/base.css HTTP/1.1" 200 636
[14/Feb/2019 09:12:41] "GET /static/img/ips2.jpg HTTP/1.1" 200 4999
[14/Feb/2019 09:38:47] "GET /CATdb/ HTTP/1.1" 200 889
[14/Feb/2019 09:38:47] "GET /static/css/base.css HTTP/1.1" 200 692
[14/Feb/2019 09:38:47] "GET /static/img/ips2.jpg HTTP/1.1" 304 0
[14/Feb/2019 09:40:13] "GET /CATdb/ HTTP/1.1" 200 889
[14/Feb/2019 09:40:13] "GET /static/css/base.css HTTP/1.1" 200 834
[14/Feb/2019 09:40:43] "GET /CATdb/ HTTP/1.1" 200 889
[14/Feb/2019 09:40:43] "GET /static/css/base.css HTTP/1.1" 304 0
[14/Feb/2019 09:40:51] "GET /CATdb/ HTTP/1.1" 200 889
[14/Feb/2019 09:40:51] "GET /static/css/base.css HTTP/1.1" 304 0
[14/Feb/2019 09:42:05] "GET /CATdb/ HTTP/1.1" 200 889
[14/Feb/2019 09:42:05] "GET /static/css/base.css HTTP/1.1" 304 0
[14/Feb/2019 09:42:17] "GET /CATdb/ HTTP/1.1" 200 889
[14/Feb/2019 09:42:17] "GET /static/css/base.css HTTP/1.1" 304 0
[14/Feb/2019 09:49:43] "GET /CATdb/ HTTP/1.1" 200 889
[14/Feb/2019 09:49:43] "GET /static/css/base.css HTTP/1.1" 200 834
[14/Feb/2019 09:49:43] "GET /static/js/acueil.js HTTP/1.1" 200 326
[14/Feb/2019 09:50:34] "GET /CATdb/ HTTP/1.1" 200 889
[14/Feb/2019 09:50:34] "GET /static/css/base.css HTTP/1.1" 200 834
[14/Feb/2019 09:50:58] "GET /CATdb/ HTTP/1.1" 200 889
[14/Feb/2019 09:50:58] "GET /static/css/base.css HTTP/1.1" 304 0
[14/Feb/2019 09:51:14] "GET /CATdb/ HTTP/1.1" 200 889
[14/Feb/2019 09:51:14] "GET /static/css/base.css HTTP/1.1" 304 0
[14/Feb/2019 09:51:17] "GET /CATdb/ HTTP/1.1" 200 889
[14/Feb/2019 09:51:17] "GET /static/css/base.css HTTP/1.1" 200 834
[14/Feb/2019 09:56:48] "GET /CATdb/ HTTP/1.1" 200 1114
[14/Feb/2019 09:56:48] "GET /static/img/logoCnrs3.gif HTTP/1.1" 200 3541
[14/Feb/2019 09:56:48] "GET /static/img/logoEvry3.gif HTTP/1.1" 200 2146
[14/Feb/2019 09:56:48] "GET /static/css/base.css HTTP/1.1" 304 0
[14/Feb/2019 09:56:48] "GET /static/img/logoInapg3.gif HTTP/1.1" 200 1323
[14/Feb/2019 10:00:19] "GET /CATdb/ HTTP/1.1" 200 1114
[14/Feb/2019 10:00:19] "GET /static/css/base.css HTTP/1.1" 200 913
[14/Feb/2019 10:09:34] "GET /CATdb/ HTTP/1.1" 200 1126
[14/Feb/2019 10:09:34] "GET /static/css/base.css HTTP/1.1" 304 0
[14/Feb/2019 10:09:36] "GET /CATdb/ HTTP/1.1" 200 1126
[14/Feb/2019 10:09:36] "GET /static/css/base.css HTTP/1.1" 304 0
Not Found: /
[14/Feb/2019 10:09:41] "GET / HTTP/1.1" 404 2420
